h:\netsim-files\netsim-workspaces\5g_uav_simulation\src\simulation\mobility\x64\debug\vc142.pdb
h:\netsim-files\netsim-workspaces\5g_uav_simulation\src\simulation\mobility\x64\debug\vc142.idb
h:\netsim-files\netsim-workspaces\5g_uav_simulation\src\simulation\mobility\x64\debug\uavbasedmobility.obj
h:\netsim-files\netsim-workspaces\5g_uav_simulation\src\simulation\mobility\x64\debug\sumo_interface.obj
h:\netsim-files\netsim-workspaces\5g_uav_simulation\src\simulation\mobility\x64\debug\nodejoin.obj
h:\netsim-files\netsim-workspaces\5g_uav_simulation\src\simulation\mobility\x64\debug\mobility.obj
h:\netsim-files\netsim-workspaces\5g_uav_simulation\src\simulation\mobility\x64\debug\groupmobility.obj
h:\netsim-files\netsim-workspaces\5g_uav_simulation\src\simulation\mobility\x64\debug\geometry.obj
h:\netsim-files\netsim-workspaces\5g_uav_simulation\src\simulation\mobility\x64\debug\filebasedmobility.obj
h:\netsim-files\netsim-workspaces\5g_uav_simulation\src\simulation\mobility\x64\debug\building.obj
h:\netsim-files\netsim-workspaces\5g_uav_simulation\bin\bin_x64\libmobility.dll
h:\netsim-files\netsim-workspaces\5g_uav_simulation\bin\bin_x64\mobility.pdb
h:\netsim-files\netsim-workspaces\5g_uav_simulation\bin\bin_x64\mobility.lib
h:\netsim-files\netsim-workspaces\5g_uav_simulation\bin\bin_x64\mobility.exp
h:\netsim-files\netsim-workspaces\5g_uav_simulation\src\simulation\mobility\x64\debug\mobility.tlog\cl.command.1.tlog
h:\netsim-files\netsim-workspaces\5g_uav_simulation\src\simulation\mobility\x64\debug\mobility.tlog\cl.read.1.tlog
h:\netsim-files\netsim-workspaces\5g_uav_simulation\src\simulation\mobility\x64\debug\mobility.tlog\cl.write.1.tlog
h:\netsim-files\netsim-workspaces\5g_uav_simulation\src\simulation\mobility\x64\debug\mobility.tlog\link.command.1.tlog
h:\netsim-files\netsim-workspaces\5g_uav_simulation\src\simulation\mobility\x64\debug\mobility.tlog\link.read.1.tlog
h:\netsim-files\netsim-workspaces\5g_uav_simulation\src\simulation\mobility\x64\debug\mobility.tlog\link.write.1.tlog
h:\netsim-files\netsim-workspaces\5g_uav_simulation\src\simulation\mobility\x64\debug\mobility.tlog\mobility.write.1u.tlog
