C:\Program Files (x86)\Microsoft Visual Studio\2019\Community\MSBuild\Microsoft\VC\v160\Microsoft.CppBuild.targets(477,5): warning MSB8004: Output Directory does not end with a trailing slash.  This build instance will add the slash as it is required to allow proper evaluation of the Output Directory.
  Building.c
  FileBasedMobility.c
  Geometry.c
  GroupMobility.c
  Mobility.c
  NodeJoin.c
  Sumo_interface.c
  UavBasedMobility.c
H:\NetSim-Files\NetSim-Workspaces\5G_UAV_Simulation\src\Simulation\Mobility\UavBasedMobility.c(68,53): warning C4047: 'function': 'char *' differs in levels of indirection from 'NETSIM_ID'
H:\NetSim-Files\NetSim-Workspaces\5G_UAV_Simulation\src\Simulation\Mobility\UavBasedMobility.c(68,42): warning C4024: 'uavcorr': different types for formal and actual parameter 1
H:\NetSim-Files\NetSim-Workspaces\5G_UAV_Simulation\src\Simulation\Mobility\UavBasedMobility.c(95,21): warning C4028: formal parameter 1 different from declaration
H:\NetSim-Files\NetSim-Workspaces\5G_UAV_Simulation\src\Simulation\Mobility\UavBasedMobility.c(98,7): warning C4101: 'buf': unreferenced local variable
  Generating Code...
C:\Program Files (x86)\Microsoft Visual Studio\2019\Community\MSBuild\Microsoft\VC\v160\Microsoft.CppBuild.targets(1316,5): warning MSB8012: TargetPath(H:\NetSim-Files\NetSim-Workspaces\5G_UAV_Simulation\src\Simulation\Mobility\..\..\..\bin\bin_x64\Mobility.dll) does not match the Linker's OutputFile property value (H:\NetSim-Files\NetSim-Workspaces\5G_UAV_Simulation\bin\bin_x64\libMobility.dll). This may cause your project to build incorrectly. To correct this, please make sure that $(OutDir), $(TargetName) and $(TargetExt) property values match the value specified in %(Link.OutputFile).
C:\Program Files (x86)\Microsoft Visual Studio\2019\Community\MSBuild\Microsoft\VC\v160\Microsoft.CppBuild.targets(1318,5): warning MSB8012: TargetName(Mobility) does not match the Linker's OutputFile property value (libMobility). This may cause your project to build incorrectly. To correct this, please make sure that $(OutDir), $(TargetName) and $(TargetExt) property values match the value specified in %(Link.OutputFile).
Building.obj : warning LNK4075: ignoring '/EDITANDCONTINUE' due to '/INCREMENTAL:NO' specification
  list.lib(List.obj) : MSIL .netmodule or module compiled with /GL found; restarting link with /LTCG; add /LTCG to the link command line to improve linker performance
Building.obj : warning LNK4075: ignoring '/EDITANDCONTINUE' due to '/INCREMENTAL:NO' specification
     Creating library ..\..\..\bin\bin_x64\Mobility.lib and object ..\..\..\bin\bin_x64\Mobility.exp
LINK : warning LNK4098: defaultlib 'MSVCRT' conflicts with use of other libs; use /NODEFAULTLIB:library
  Generating code
  Finished generating code
list.lib(List.obj) : warning LNK4099: PDB 'List.pdb' was not found with 'list.lib(List.obj)' or at 'H:\NetSim-Files\NetSim-Workspaces\5G_UAV_Simulation\bin\bin_x64\List.pdb'; linking object as if no debug info
  Mobility.vcxproj -> H:\NetSim-Files\NetSim-Workspaces\5G_UAV_Simulation\src\Simulation\Mobility\..\..\..\bin\bin_x64\Mobility.dll
