h:\netsim-files\netsim-workspaces\5g_uav_simulation\src\simulation\lte_nr\x64\debug\vc142.pdb
h:\netsim-files\netsim-workspaces\5g_uav_simulation\src\simulation\lte_nr\x64\debug\vc142.idb
h:\netsim-files\netsim-workspaces\5g_uav_simulation\src\simulation\lte_nr\x64\debug\lte_nr.obj
h:\netsim-files\netsim-workspaces\5g_uav_simulation\src\simulation\lte_nr\x64\debug\ltenr_spectrum.obj
h:\netsim-files\netsim-workspaces\5g_uav_simulation\src\simulation\lte_nr\x64\debug\ltenr_sdap.obj
h:\netsim-files\netsim-workspaces\5g_uav_simulation\src\simulation\lte_nr\x64\debug\ltenr_rrc.obj
h:\netsim-files\netsim-workspaces\5g_uav_simulation\src\simulation\lte_nr\x64\debug\ltenr_rlc_um.obj
h:\netsim-files\netsim-workspaces\5g_uav_simulation\src\simulation\lte_nr\x64\debug\ltenr_rlc_am.obj
h:\netsim-files\netsim-workspaces\5g_uav_simulation\src\simulation\lte_nr\x64\debug\ltenr_rlcmsg.obj
h:\netsim-files\netsim-workspaces\5g_uav_simulation\src\simulation\lte_nr\x64\debug\ltenr_rlcbuffer.obj
h:\netsim-files\netsim-workspaces\5g_uav_simulation\src\simulation\lte_nr\x64\debug\ltenr_rlc.obj
h:\netsim-files\netsim-workspaces\5g_uav_simulation\src\simulation\lte_nr\x64\debug\ltenr_propagationmodel.obj
h:\netsim-files\netsim-workspaces\5g_uav_simulation\src\simulation\lte_nr\x64\debug\ltenr_prb.obj
h:\netsim-files\netsim-workspaces\5g_uav_simulation\src\simulation\lte_nr\x64\debug\ltenr_phy.obj
h:\netsim-files\netsim-workspaces\5g_uav_simulation\src\simulation\lte_nr\x64\debug\ltenr_pdcp.obj
h:\netsim-files\netsim-workspaces\5g_uav_simulation\src\simulation\lte_nr\x64\debug\ltenr_nas.obj
h:\netsim-files\netsim-workspaces\5g_uav_simulation\src\simulation\lte_nr\x64\debug\ltenr_mac.obj
h:\netsim-files\netsim-workspaces\5g_uav_simulation\src\simulation\lte_nr\x64\debug\ltenr_gnbrrc.obj
h:\netsim-files\netsim-workspaces\5g_uav_simulation\src\simulation\lte_nr\x64\debug\ltenr_epc.obj
h:\netsim-files\netsim-workspaces\5g_uav_simulation\src\simulation\lte_nr\x64\debug\ltenr_association.obj
h:\netsim-files\netsim-workspaces\5g_uav_simulation\src\simulation\lte_nr\x64\debug\ltenr_amctable.obj
h:\netsim-files\netsim-workspaces\5g_uav_simulation\bin\bin_x64\liblte_nr.dll
h:\netsim-files\netsim-workspaces\5g_uav_simulation\bin\bin_x64\lte_nr.pdb
h:\netsim-files\netsim-workspaces\5g_uav_simulation\bin\bin_x64\lte_nr.lib
h:\netsim-files\netsim-workspaces\5g_uav_simulation\bin\bin_x64\lte_nr.exp
h:\netsim-files\netsim-workspaces\5g_uav_simulation\src\simulation\lte_nr\x64\debug\lte_nr.tlog\cl.command.1.tlog
h:\netsim-files\netsim-workspaces\5g_uav_simulation\src\simulation\lte_nr\x64\debug\lte_nr.tlog\cl.read.1.tlog
h:\netsim-files\netsim-workspaces\5g_uav_simulation\src\simulation\lte_nr\x64\debug\lte_nr.tlog\cl.write.1.tlog
h:\netsim-files\netsim-workspaces\5g_uav_simulation\src\simulation\lte_nr\x64\debug\lte_nr.tlog\link.command.1.tlog
h:\netsim-files\netsim-workspaces\5g_uav_simulation\src\simulation\lte_nr\x64\debug\lte_nr.tlog\link.read.1.tlog
h:\netsim-files\netsim-workspaces\5g_uav_simulation\src\simulation\lte_nr\x64\debug\lte_nr.tlog\link.write.1.tlog
h:\netsim-files\netsim-workspaces\5g_uav_simulation\src\simulation\lte_nr\x64\debug\lte_nr.tlog\lte_nr.write.1u.tlog
